<?xml version="1.0" encoding="UTF-8"?>
<!-- Generated by org.testng.reporters.JUnitXMLReporter -->
<testsuite ignored="1" hostname="DESKTOP-NFV7UOU" failures="17" tests="50" name="Test" time="387.804" errors="0" timestamp="2025-01-27T23:13:28 IST">
  <testcase classname="tests.RegisterPageTest" name="verifyRegisteringAccountUsingMandatoryFields" time="3.314"/>
  <testcase classname="tests.RegisterPageTest" name="verifyRegistringAccountUsingAllFields" time="3.802"/>
  <testcase classname="tests.RegisterPageTest" name="verifyWarningMessageOfMandatoryFieldsInRegisterAccountPage" time="1.124"/>
  <testcase classname="tests.RegisterPageTest" name="verifyRegisteringAccountBySubscribingToNewsletter" time="3.532"/>
  <testcase classname="tests.RegisterPageTest" name="verifyRegisteringAccountByNotSubscribingToNewsletter" time="3.317"/>
  <testcase classname="tests.RegisterPageTest" name="verifyDifferentWaysOfNavigatingToRegisterAccountPage" time="2.226"/>
  <testcase classname="tests.RegisterPageTest" name="verifyRegisteringAccountByProvidingMismatchedPasswords" time="2.773"/>
  <testcase classname="tests.RegisterPageTest" name="verifyRegisterAccountWithExistingEmailAddress" time="2.086"/>
  <testcase classname="tests.RegisterPageTest" name="verifyRegisteringAccountUsingInvalidEmail" time="3.185"/>
  <testcase classname="tests.RegisterPageTest" name="verifyRegisteringAccountUsingInvalidTelephoneNumber" time="5.263">
    <failure type="java.lang.AssertionError" message="expected [true] but found [false]">
      <![CDATA[java.lang.AssertionError: expected [true] but found [false]
at tests.RegisterPageTest.verifyRegisteringAccountUsingInvalidTelephoneNumber(RegisterPageTest.java:401)
at java.base/java.util.ArrayList.forEach(ArrayList.java:1596)
... Removed 29 stack frames]]>
    </failure>
  </testcase> <!-- verifyRegisteringAccountUsingInvalidTelephoneNumber -->
  <testcase classname="tests.RegisterPageTest" name="verifyRegisteringAccountUsingKeyboardKeys" time="1.795"/>
  <testcase classname="tests.RegisterPageTest" name="verifyRegisterAccountPagePlaceholders" time="0.122"/>
  <testcase classname="tests.RegisterPageTest" name="verifyMandatoryFieldsInRegisterAccountPage" time="0.259">
    <failure type="java.lang.AssertionError" message="expected [&amp;quot;* &amp;quot;] but found [none]">
      <![CDATA[java.lang.AssertionError: expected ["* "] but found [none]
at tests.RegisterPageTest.verifyMandatoryFieldsInRegisterAccountPage(RegisterPageTest.java:503)
at java.base/java.util.ArrayList.forEach(ArrayList.java:1596)
... Removed 31 stack frames]]>
    </failure>
  </testcase> <!-- verifyMandatoryFieldsInRegisterAccountPage -->
  <testcase classname="tests.RegisterPageTest" name="verifyRegisteringAccountByEnteringOnlySpaces" time="4.839">
    <failure type="java.lang.AssertionError" message="expected [Telephone does not appear to be valid!] but found []">
      <![CDATA[java.lang.AssertionError: expected [Telephone does not appear to be valid!] but found []
at tests.RegisterPageTest.verifyRegisteringAccountByEnteringOnlySpaces(RegisterPageTest.java:604)
at java.base/java.util.ArrayList.forEach(ArrayList.java:1596)
... Removed 31 stack frames]]>
    </failure>
  </testcase> <!-- verifyRegisteringAccountByEnteringOnlySpaces -->
  <testcase classname="tests.RegisterPageTest" name="verifyRegisteringAccountUsingPasswordsWhichAreNotFollowingPasswordComplexityStandards" time="5.771">
    <failure type="java.lang.AssertionError" message="expected [true] but found [false]">
      <![CDATA[java.lang.AssertionError: expected [true] but found [false]
at tests.RegisterPageTest.verifyRegisteringAccountUsingPasswordsWhichAreNotFollowingPasswordComplexityStandards(RegisterPageTest.java:636)
at java.base/java.util.ArrayList.forEach(ArrayList.java:1596)
... Removed 29 stack frames]]>
    </failure>
  </testcase> <!-- verifyRegisteringAccountUsingPasswordsWhichAreNotFollowingPasswordComplexityStandards -->
  <testcase classname="tests.RegisterPageTest" name="verifyRegisteringAccountUsingPasswordsWhichAreNotFollowingPasswordComplexityStandards" time="5.323">
    <failure type="java.lang.AssertionError" message="expected [true] but found [false]">
      <![CDATA[java.lang.AssertionError: expected [true] but found [false]
at tests.RegisterPageTest.verifyRegisteringAccountUsingPasswordsWhichAreNotFollowingPasswordComplexityStandards(RegisterPageTest.java:636)
at java.base/java.util.ArrayList.forEach(ArrayList.java:1596)
... Removed 29 stack frames]]>
    </failure>
  </testcase> <!-- verifyRegisteringAccountUsingPasswordsWhichAreNotFollowingPasswordComplexityStandards -->
  <testcase classname="tests.RegisterPageTest" name="verifyRegisteringAccountUsingPasswordsWhichAreNotFollowingPasswordComplexityStandards" time="4.968">
    <failure type="java.lang.AssertionError" message="expected [true] but found [false]">
      <![CDATA[java.lang.AssertionError: expected [true] but found [false]
at tests.RegisterPageTest.verifyRegisteringAccountUsingPasswordsWhichAreNotFollowingPasswordComplexityStandards(RegisterPageTest.java:636)
at java.base/java.util.ArrayList.forEach(ArrayList.java:1596)
... Removed 29 stack frames]]>
    </failure>
  </testcase> <!-- verifyRegisteringAccountUsingPasswordsWhichAreNotFollowingPasswordComplexityStandards -->
  <testcase classname="tests.RegisterPageTest" name="verifyRegisteringAccountUsingPasswordsWhichAreNotFollowingPasswordComplexityStandards" time="5.793">
    <failure type="java.lang.AssertionError" message="expected [true] but found [false]">
      <![CDATA[java.lang.AssertionError: expected [true] but found [false]
at tests.RegisterPageTest.verifyRegisteringAccountUsingPasswordsWhichAreNotFollowingPasswordComplexityStandards(RegisterPageTest.java:636)
at java.base/java.util.ArrayList.forEach(ArrayList.java:1596)
... Removed 29 stack frames]]>
    </failure>
  </testcase> <!-- verifyRegisteringAccountUsingPasswordsWhichAreNotFollowingPasswordComplexityStandards -->
  <testcase classname="tests.RegisterPageTest" name="verifyRegisteringAccountUsingPasswordsWhichAreNotFollowingPasswordComplexityStandards" time="5.344">
    <failure type="java.lang.AssertionError" message="expected [true] but found [false]">
      <![CDATA[java.lang.AssertionError: expected [true] but found [false]
at tests.RegisterPageTest.verifyRegisteringAccountUsingPasswordsWhichAreNotFollowingPasswordComplexityStandards(RegisterPageTest.java:636)
at java.base/java.util.ArrayList.forEach(ArrayList.java:1596)
... Removed 29 stack frames]]>
    </failure>
  </testcase> <!-- verifyRegisteringAccountUsingPasswordsWhichAreNotFollowingPasswordComplexityStandards -->
  <testcase classname="tests.RegisterPageTest" name="verifyHeightWidthNumberOfCharacters" time="50.436">
    <failure type="java.lang.AssertionError" message="expected [true] but found [false]">
      <![CDATA[java.lang.AssertionError: expected [true] but found [false]
at tests.RegisterPageTest.verifyHeightWidthNumberOfCharacters(RegisterPageTest.java:807)
at java.base/java.util.ArrayList.forEach(ArrayList.java:1596)
... Removed 29 stack frames]]>
    </failure>
  </testcase> <!-- verifyHeightWidthNumberOfCharacters -->
  <testcase classname="tests.RegisterPageTest" name="verifyLeadingAndTrailingSpacesWhileRegisteringAccount" time="7.866">
    <failure type="java.lang.AssertionError" message="The following asserts failed:
	expected [Arun] but found [    Arun      ],
	expected [Motoori] but found [    Motoori      ],
	expected [1234567890] but found [     1234567890      ]">
      <![CDATA[java.lang.AssertionError: The following asserts failed:
expected [Arun] but found [    Arun      ],
expected [Motoori] but found [    Motoori      ],
expected [1234567890] but found [     1234567890      ]
at tests.RegisterPageTest.verifyLeadingAndTrailingSpacesWhileRegisteringAccount(RegisterPageTest.java:854)
at java.base/java.util.ArrayList.forEach(ArrayList.java:1596)
... Removed 27 stack frames]]>
    </failure>
  </testcase> <!-- verifyLeadingAndTrailingSpacesWhileRegisteringAccount -->
  <testcase classname="tests.RegisterPageTest" name="verifyPrivacyPolicyFeildOnRegisterAccountPage" time="0.035"/>
  <testcase classname="tests.RegisterPageTest" name="verifyRegisteringAccountWithoutPravicyPolicySelection" time="1.961"/>
  <testcase classname="tests.RegisterPageTest" name="verifyVisibilityTypeOfPasswordFieldsOnRegisterAccount" time="0.058"/>
  <testcase classname="tests.RegisterPageTest" name="verifyWorkingOfEveryLinkOnRegisterAccountPage" time="7.043">
    <failure type="org.openqa.selenium.NoSuchElementException" message="no such element: Unable to locate element: {&amp;quot;method&amp;quot;:&amp;quot;xpath&amp;quot;,&amp;quot;selector&amp;quot;:&amp;quot;//ul[@class=&amp;apos;breadcrumb&amp;apos;]//a[text()=&amp;apos;Account&amp;apos;]&amp;quot;}
  (Session info: chrome=131.0.6778.265)
For documentation on this error, please visit: https://www.selenium.dev/documentation/webdriver/troubleshooting/errors#no-such-element-exception
Build info: version: &amp;apos;4.27.0&amp;apos;, revision: &amp;apos;d6e718d134&amp;apos;
System info: os.name: &amp;apos;Windows 11&amp;apos;, os.arch: &amp;apos;amd64&amp;apos;, os.version: &amp;apos;10.0&amp;apos;, java.version: &amp;apos;21.0.5&amp;apos;
Driver info: org.openqa.selenium.chrome.ChromeDriver
Command: [50a310d98db6ebca41bc8824d627c272, findElement {using=xpath, value=//ul[@class=&amp;apos;breadcrumb&amp;apos;]//a[text()=&amp;apos;Account&amp;apos;]}]
Capabilities {acceptInsecureCerts: false, browserName: chrome, browserVersion: 131.0.6778.265, chrome: {chromedriverVersion: 131.0.6778.264 (2d05e315153..., userDataDir: C:\Users\biraj\AppData\Loca...}, fedcm:accounts: true, goog:chromeOptions: {debuggerAddress: localhost:54481}, networkConnectionEnabled: false, pageLoadStrategy: normal, platformName: windows, proxy: Proxy(), se:cdp: ws://localhost:54481/devtoo..., se:cdpVersion: 131.0.6778.265, setWindowRect: true, strictFileInteractability: false, timeouts: {implicit: 0, pageLoad: 300000, script: 30000}, unhandledPromptBehavior: dismiss and notify, webauthn:extension:credBlob: true, webauthn:extension:largeBlob: true, webauthn:extension:minPinLength: true, webauthn:extension:prf: true, webauthn:virtualAuthenticators: true}
Session ID: 50a310d98db6ebca41bc8824d627c272">
      <![CDATA[org.openqa.selenium.NoSuchElementException: no such element: Unable to locate element: {"method":"xpath","selector":"//ul[@class='breadcrumb']//a[text()='Account']"}
  (Session info: chrome=131.0.6778.265)
For documentation on this error, please visit: https://www.selenium.dev/documentation/webdriver/troubleshooting/errors#no-such-element-exception
Build info: version: '4.27.0', revision: 'd6e718d134'
System info: os.name: 'Windows 11', os.arch: 'amd64', os.version: '10.0', java.version: '21.0.5'
Driver info: org.openqa.selenium.chrome.ChromeDriver
Command: [50a310d98db6ebca41bc8824d627c272, findElement {using=xpath, value=//ul[@class='breadcrumb']//a[text()='Account']}]
Capabilities {acceptInsecureCerts: false, browserName: chrome, browserVersion: 131.0.6778.265, chrome: {chromedriverVersion: 131.0.6778.264 (2d05e315153..., userDataDir: C:\Users\biraj\AppData\Loca...}, fedcm:accounts: true, goog:chromeOptions: {debuggerAddress: localhost:54481}, networkConnectionEnabled: false, pageLoadStrategy: normal, platformName: windows, proxy: Proxy(), se:cdp: ws://localhost:54481/devtoo..., se:cdpVersion: 131.0.6778.265, setWindowRect: true, strictFileInteractability: false, timeouts: {implicit: 0, pageLoad: 300000, script: 30000}, unhandledPromptBehavior: dismiss and notify, webauthn:extension:credBlob: true, webauthn:extension:largeBlob: true, webauthn:extension:minPinLength: true, webauthn:extension:prf: true, webauthn:virtualAuthenticators: true}
Session ID: 50a310d98db6ebca41bc8824d627c272
at org.openqa.selenium.remote.ErrorCodec.decode(ErrorCodec.java:167)
at org.openqa.selenium.remote.codec.w3c.W3CHttpResponseCodec.decode(W3CHttpResponseCodec.java:138)
at org.openqa.selenium.remote.codec.w3c.W3CHttpResponseCodec.decode(W3CHttpResponseCodec.java:50)
at org.openqa.selenium.remote.HttpCommandExecutor.execute(HttpCommandExecutor.java:190)
at org.openqa.selenium.remote.service.DriverCommandExecutor.invokeExecute(DriverCommandExecutor.java:216)
at org.openqa.selenium.remote.service.DriverCommandExecutor.execute(DriverCommandExecutor.java:174)
at org.openqa.selenium.remote.RemoteWebDriver.execute(RemoteWebDriver.java:545)
at org.openqa.selenium.remote.ElementLocation$ElementFinder$2.findElement(ElementLocation.java:165)
at org.openqa.selenium.remote.ElementLocation.findElement(ElementLocation.java:59)
at org.openqa.selenium.remote.RemoteWebDriver.findElement(RemoteWebDriver.java:368)
at org.openqa.selenium.remote.RemoteWebDriver.findElement(RemoteWebDriver.java:362)
at org.openqa.selenium.support.pagefactory.DefaultElementLocator.findElement(DefaultElementLocator.java:68)
at org.openqa.selenium.support.pagefactory.internal.LocatingElementHandler.invoke(LocatingElementHandler.java:38)
at jdk.proxy2/jdk.proxy2.$Proxy15.isDisplayed(Unknown Source)
at utils.ElementUtilities.isElementDisplayedOnPage(ElementUtilities.java:41)
at utils.ElementUtilities.clickOnElement(ElementUtilities.java:16)
at root.RootPage.selectAccountBreadcrumbOptionWithoutLogin(RootPage.java:43)
at tests.RegisterPageTest.verifyWorkingOfEveryLinkOnRegisterAccountPage(RegisterPageTest.java:918)
at java.base/java.util.ArrayList.forEach(ArrayList.java:1596)
... Removed 28 stack frames]]>
    </failure>
  </testcase> <!-- verifyWorkingOfEveryLinkOnRegisterAccountPage -->
  <testcase classname="tests.RegisterPageTest" name="verifyRegisteringAccountWithoutEnteringPasswordIntoPasswordConfirmField" time="2.077">
    <failure type="java.lang.AssertionError" message="expected [Password Confirmation does not match password!] but found [Password confirmation does not match password!]">
      <![CDATA[java.lang.AssertionError: expected [Password Confirmation does not match password!] but found [Password confirmation does not match password!]
at tests.RegisterPageTest.verifyRegisteringAccountWithoutEnteringPasswordIntoPasswordConfirmField(RegisterPageTest.java:1136)
at java.base/java.util.ArrayList.forEach(ArrayList.java:1596)
... Removed 31 stack frames]]>
    </failure>
  </testcase> <!-- verifyRegisteringAccountWithoutEnteringPasswordIntoPasswordConfirmField -->
  <testcase classname="tests.RegisterPageTest" name="verifyBreadCrumbURLHeadingTitleOfRegisterAccountPage" time="0.164"/>
  <testcase classname="tests.RegisterPageTest" name="verifyUIOfRegisterPage" time="0.376"/>
  <testcase classname="tests.RegisterPageTest" name="verifyRegisteringAccountInDifferentTestEnvironments" time="2.888"/>
  <testcase classname="tests.LoginPageTest" name="verifyWithLoginWithValidCredentials" time="4.089">
    <failure type="org.openqa.selenium.NoSuchElementException" message="no such element: Unable to locate element: {&amp;quot;method&amp;quot;:&amp;quot;xpath&amp;quot;,&amp;quot;selector&amp;quot;:&amp;quot;//a[@class=&amp;apos;list-group-item&amp;apos;][text()=&amp;apos;Logout&amp;apos;]&amp;quot;}
  (Session info: chrome=131.0.6778.265)
For documentation on this error, please visit: https://www.selenium.dev/documentation/webdriver/troubleshooting/errors#no-such-element-exception
Build info: version: &amp;apos;4.27.0&amp;apos;, revision: &amp;apos;d6e718d134&amp;apos;
System info: os.name: &amp;apos;Windows 11&amp;apos;, os.arch: &amp;apos;amd64&amp;apos;, os.version: &amp;apos;10.0&amp;apos;, java.version: &amp;apos;21.0.5&amp;apos;
Driver info: org.openqa.selenium.chrome.ChromeDriver
Command: [b58f482f905d98df75b7cbaf589e9956, findElement {using=xpath, value=//a[@class=&amp;apos;list-group-item&amp;apos;][text()=&amp;apos;Logout&amp;apos;]}]
Capabilities {acceptInsecureCerts: false, browserName: chrome, browserVersion: 131.0.6778.265, chrome: {chromedriverVersion: 131.0.6778.264 (2d05e315153..., userDataDir: C:\Users\biraj\AppData\Loca...}, fedcm:accounts: true, goog:chromeOptions: {debuggerAddress: localhost:54582}, networkConnectionEnabled: false, pageLoadStrategy: normal, platformName: windows, proxy: Proxy(), se:cdp: ws://localhost:54582/devtoo..., se:cdpVersion: 131.0.6778.265, setWindowRect: true, strictFileInteractability: false, timeouts: {implicit: 0, pageLoad: 300000, script: 30000}, unhandledPromptBehavior: dismiss and notify, webauthn:extension:credBlob: true, webauthn:extension:largeBlob: true, webauthn:extension:minPinLength: true, webauthn:extension:prf: true, webauthn:virtualAuthenticators: true}
Session ID: b58f482f905d98df75b7cbaf589e9956">
      <![CDATA[org.openqa.selenium.NoSuchElementException: no such element: Unable to locate element: {"method":"xpath","selector":"//a[@class='list-group-item'][text()='Logout']"}
  (Session info: chrome=131.0.6778.265)
For documentation on this error, please visit: https://www.selenium.dev/documentation/webdriver/troubleshooting/errors#no-such-element-exception
Build info: version: '4.27.0', revision: 'd6e718d134'
System info: os.name: 'Windows 11', os.arch: 'amd64', os.version: '10.0', java.version: '21.0.5'
Driver info: org.openqa.selenium.chrome.ChromeDriver
Command: [b58f482f905d98df75b7cbaf589e9956, findElement {using=xpath, value=//a[@class='list-group-item'][text()='Logout']}]
Capabilities {acceptInsecureCerts: false, browserName: chrome, browserVersion: 131.0.6778.265, chrome: {chromedriverVersion: 131.0.6778.264 (2d05e315153..., userDataDir: C:\Users\biraj\AppData\Loca...}, fedcm:accounts: true, goog:chromeOptions: {debuggerAddress: localhost:54582}, networkConnectionEnabled: false, pageLoadStrategy: normal, platformName: windows, proxy: Proxy(), se:cdp: ws://localhost:54582/devtoo..., se:cdpVersion: 131.0.6778.265, setWindowRect: true, strictFileInteractability: false, timeouts: {implicit: 0, pageLoad: 300000, script: 30000}, unhandledPromptBehavior: dismiss and notify, webauthn:extension:credBlob: true, webauthn:extension:largeBlob: true, webauthn:extension:minPinLength: true, webauthn:extension:prf: true, webauthn:virtualAuthenticators: true}
Session ID: b58f482f905d98df75b7cbaf589e9956
at org.openqa.selenium.remote.ErrorCodec.decode(ErrorCodec.java:167)
at org.openqa.selenium.remote.codec.w3c.W3CHttpResponseCodec.decode(W3CHttpResponseCodec.java:138)
at org.openqa.selenium.remote.codec.w3c.W3CHttpResponseCodec.decode(W3CHttpResponseCodec.java:50)
at org.openqa.selenium.remote.HttpCommandExecutor.execute(HttpCommandExecutor.java:190)
at org.openqa.selenium.remote.service.DriverCommandExecutor.invokeExecute(DriverCommandExecutor.java:216)
at org.openqa.selenium.remote.service.DriverCommandExecutor.execute(DriverCommandExecutor.java:174)
at org.openqa.selenium.remote.RemoteWebDriver.execute(RemoteWebDriver.java:545)
at org.openqa.selenium.remote.ElementLocation$ElementFinder$2.findElement(ElementLocation.java:165)
at org.openqa.selenium.remote.ElementLocation.findElement(ElementLocation.java:59)
at org.openqa.selenium.remote.RemoteWebDriver.findElement(RemoteWebDriver.java:368)
at org.openqa.selenium.remote.RemoteWebDriver.findElement(RemoteWebDriver.java:362)
at org.openqa.selenium.support.pagefactory.DefaultElementLocator.findElement(DefaultElementLocator.java:68)
at org.openqa.selenium.support.pagefactory.internal.LocatingElementHandler.invoke(LocatingElementHandler.java:38)
at jdk.proxy2/jdk.proxy2.$Proxy15.isDisplayed(Unknown Source)
at pages.AccountPage.isUserLoggedIn(AccountPage.java:47)
at tests.LoginPageTest.verifyWithLoginWithValidCredentials(LoginPageTest.java:85)
at java.base/java.util.ArrayList.forEach(ArrayList.java:1596)
... Removed 28 stack frames]]>
    </failure>
  </testcase> <!-- verifyWithLoginWithValidCredentials -->
  <testcase classname="tests.LoginPageTest" name="verifyWithLoginWithInValidCredentials" time="1.067"/>
  <testcase classname="tests.LoginPageTest" name="verifyWithLoginWithInValidEmailAndValidPassword" time="1.374"/>
  <testcase classname="tests.LoginPageTest" name="verifyWithLoginWithValidEmailAndInValidPassword" time="1.19"/>
  <testcase classname="tests.LoginPageTest" name="verifyLoginWithoutCredentials" time="0.751"/>
  <testcase classname="tests.LoginPageTest" name="verifyForgettenPasswordLink" time="0.574"/>
  <testcase classname="tests.LoginPageTest" name="verifyLoggigIntoApplicationUsingKeyboardKeys" time="5.742">
    <failure type="org.openqa.selenium.NoSuchElementException" message="no such element: Unable to locate element: {&amp;quot;method&amp;quot;:&amp;quot;xpath&amp;quot;,&amp;quot;selector&amp;quot;:&amp;quot;//a[@class=&amp;apos;list-group-item&amp;apos;][text()=&amp;apos;Logout&amp;apos;]&amp;quot;}
  (Session info: chrome=131.0.6778.265)
For documentation on this error, please visit: https://www.selenium.dev/documentation/webdriver/troubleshooting/errors#no-such-element-exception
Build info: version: &amp;apos;4.27.0&amp;apos;, revision: &amp;apos;d6e718d134&amp;apos;
System info: os.name: &amp;apos;Windows 11&amp;apos;, os.arch: &amp;apos;amd64&amp;apos;, os.version: &amp;apos;10.0&amp;apos;, java.version: &amp;apos;21.0.5&amp;apos;
Driver info: org.openqa.selenium.chrome.ChromeDriver
Command: [91914934b0e8cc25a634b1e1029c2c50, findElement {using=xpath, value=//a[@class=&amp;apos;list-group-item&amp;apos;][text()=&amp;apos;Logout&amp;apos;]}]
Capabilities {acceptInsecureCerts: false, browserName: chrome, browserVersion: 131.0.6778.265, chrome: {chromedriverVersion: 131.0.6778.264 (2d05e315153..., userDataDir: C:\Users\biraj\AppData\Loca...}, fedcm:accounts: true, goog:chromeOptions: {debuggerAddress: localhost:54699}, networkConnectionEnabled: false, pageLoadStrategy: normal, platformName: windows, proxy: Proxy(), se:cdp: ws://localhost:54699/devtoo..., se:cdpVersion: 131.0.6778.265, setWindowRect: true, strictFileInteractability: false, timeouts: {implicit: 0, pageLoad: 300000, script: 30000}, unhandledPromptBehavior: dismiss and notify, webauthn:extension:credBlob: true, webauthn:extension:largeBlob: true, webauthn:extension:minPinLength: true, webauthn:extension:prf: true, webauthn:virtualAuthenticators: true}
Session ID: 91914934b0e8cc25a634b1e1029c2c50">
      <![CDATA[org.openqa.selenium.NoSuchElementException: no such element: Unable to locate element: {"method":"xpath","selector":"//a[@class='list-group-item'][text()='Logout']"}
  (Session info: chrome=131.0.6778.265)
For documentation on this error, please visit: https://www.selenium.dev/documentation/webdriver/troubleshooting/errors#no-such-element-exception
Build info: version: '4.27.0', revision: 'd6e718d134'
System info: os.name: 'Windows 11', os.arch: 'amd64', os.version: '10.0', java.version: '21.0.5'
Driver info: org.openqa.selenium.chrome.ChromeDriver
Command: [91914934b0e8cc25a634b1e1029c2c50, findElement {using=xpath, value=//a[@class='list-group-item'][text()='Logout']}]
Capabilities {acceptInsecureCerts: false, browserName: chrome, browserVersion: 131.0.6778.265, chrome: {chromedriverVersion: 131.0.6778.264 (2d05e315153..., userDataDir: C:\Users\biraj\AppData\Loca...}, fedcm:accounts: true, goog:chromeOptions: {debuggerAddress: localhost:54699}, networkConnectionEnabled: false, pageLoadStrategy: normal, platformName: windows, proxy: Proxy(), se:cdp: ws://localhost:54699/devtoo..., se:cdpVersion: 131.0.6778.265, setWindowRect: true, strictFileInteractability: false, timeouts: {implicit: 0, pageLoad: 300000, script: 30000}, unhandledPromptBehavior: dismiss and notify, webauthn:extension:credBlob: true, webauthn:extension:largeBlob: true, webauthn:extension:minPinLength: true, webauthn:extension:prf: true, webauthn:virtualAuthenticators: true}
Session ID: 91914934b0e8cc25a634b1e1029c2c50
at org.openqa.selenium.remote.ErrorCodec.decode(ErrorCodec.java:167)
at org.openqa.selenium.remote.codec.w3c.W3CHttpResponseCodec.decode(W3CHttpResponseCodec.java:138)
at org.openqa.selenium.remote.codec.w3c.W3CHttpResponseCodec.decode(W3CHttpResponseCodec.java:50)
at org.openqa.selenium.remote.HttpCommandExecutor.execute(HttpCommandExecutor.java:190)
at org.openqa.selenium.remote.service.DriverCommandExecutor.invokeExecute(DriverCommandExecutor.java:216)
at org.openqa.selenium.remote.service.DriverCommandExecutor.execute(DriverCommandExecutor.java:174)
at org.openqa.selenium.remote.RemoteWebDriver.execute(RemoteWebDriver.java:545)
at org.openqa.selenium.remote.ElementLocation$ElementFinder$2.findElement(ElementLocation.java:165)
at org.openqa.selenium.remote.ElementLocation.findElement(ElementLocation.java:59)
at org.openqa.selenium.remote.RemoteWebDriver.findElement(RemoteWebDriver.java:368)
at org.openqa.selenium.remote.RemoteWebDriver.findElement(RemoteWebDriver.java:362)
at org.openqa.selenium.support.pagefactory.DefaultElementLocator.findElement(DefaultElementLocator.java:68)
at org.openqa.selenium.support.pagefactory.internal.LocatingElementHandler.invoke(LocatingElementHandler.java:38)
at jdk.proxy2/jdk.proxy2.$Proxy15.isDisplayed(Unknown Source)
at pages.AccountPage.isUserLoggedIn(AccountPage.java:47)
at tests.LoginPageTest.verifyLoggigIntoApplicationUsingKeyboardKeys(LoginPageTest.java:136)
at java.base/java.util.ArrayList.forEach(ArrayList.java:1596)
... Removed 28 stack frames]]>
    </failure>
  </testcase> <!-- verifyLoggigIntoApplicationUsingKeyboardKeys -->
  <testcase classname="tests.LoginPageTest" name="verifyLoginFieldsPlaceHolders" time="0.108"/>
  <testcase classname="tests.LoginPageTest" name="verifyBrowserBackAfterLogin" time="4.645">
    <failure type="org.openqa.selenium.NoSuchElementException" message="no such element: Unable to locate element: {&amp;quot;method&amp;quot;:&amp;quot;xpath&amp;quot;,&amp;quot;selector&amp;quot;:&amp;quot;//a[@class=&amp;apos;list-group-item&amp;apos;][text()=&amp;apos;Logout&amp;apos;]&amp;quot;}
  (Session info: chrome=131.0.6778.265)
For documentation on this error, please visit: https://www.selenium.dev/documentation/webdriver/troubleshooting/errors#no-such-element-exception
Build info: version: &amp;apos;4.27.0&amp;apos;, revision: &amp;apos;d6e718d134&amp;apos;
System info: os.name: &amp;apos;Windows 11&amp;apos;, os.arch: &amp;apos;amd64&amp;apos;, os.version: &amp;apos;10.0&amp;apos;, java.version: &amp;apos;21.0.5&amp;apos;
Driver info: org.openqa.selenium.chrome.ChromeDriver
Command: [ed2b4e5175a153c1c60494486a729c24, findElement {using=xpath, value=//a[@class=&amp;apos;list-group-item&amp;apos;][text()=&amp;apos;Logout&amp;apos;]}]
Capabilities {acceptInsecureCerts: false, browserName: chrome, browserVersion: 131.0.6778.265, chrome: {chromedriverVersion: 131.0.6778.264 (2d05e315153..., userDataDir: C:\Users\biraj\AppData\Loca...}, fedcm:accounts: true, goog:chromeOptions: {debuggerAddress: localhost:54736}, networkConnectionEnabled: false, pageLoadStrategy: normal, platformName: windows, proxy: Proxy(), se:cdp: ws://localhost:54736/devtoo..., se:cdpVersion: 131.0.6778.265, setWindowRect: true, strictFileInteractability: false, timeouts: {implicit: 0, pageLoad: 300000, script: 30000}, unhandledPromptBehavior: dismiss and notify, webauthn:extension:credBlob: true, webauthn:extension:largeBlob: true, webauthn:extension:minPinLength: true, webauthn:extension:prf: true, webauthn:virtualAuthenticators: true}
Session ID: ed2b4e5175a153c1c60494486a729c24">
      <![CDATA[org.openqa.selenium.NoSuchElementException: no such element: Unable to locate element: {"method":"xpath","selector":"//a[@class='list-group-item'][text()='Logout']"}
  (Session info: chrome=131.0.6778.265)
For documentation on this error, please visit: https://www.selenium.dev/documentation/webdriver/troubleshooting/errors#no-such-element-exception
Build info: version: '4.27.0', revision: 'd6e718d134'
System info: os.name: 'Windows 11', os.arch: 'amd64', os.version: '10.0', java.version: '21.0.5'
Driver info: org.openqa.selenium.chrome.ChromeDriver
Command: [ed2b4e5175a153c1c60494486a729c24, findElement {using=xpath, value=//a[@class='list-group-item'][text()='Logout']}]
Capabilities {acceptInsecureCerts: false, browserName: chrome, browserVersion: 131.0.6778.265, chrome: {chromedriverVersion: 131.0.6778.264 (2d05e315153..., userDataDir: C:\Users\biraj\AppData\Loca...}, fedcm:accounts: true, goog:chromeOptions: {debuggerAddress: localhost:54736}, networkConnectionEnabled: false, pageLoadStrategy: normal, platformName: windows, proxy: Proxy(), se:cdp: ws://localhost:54736/devtoo..., se:cdpVersion: 131.0.6778.265, setWindowRect: true, strictFileInteractability: false, timeouts: {implicit: 0, pageLoad: 300000, script: 30000}, unhandledPromptBehavior: dismiss and notify, webauthn:extension:credBlob: true, webauthn:extension:largeBlob: true, webauthn:extension:minPinLength: true, webauthn:extension:prf: true, webauthn:virtualAuthenticators: true}
Session ID: ed2b4e5175a153c1c60494486a729c24
at org.openqa.selenium.remote.ErrorCodec.decode(ErrorCodec.java:167)
at org.openqa.selenium.remote.codec.w3c.W3CHttpResponseCodec.decode(W3CHttpResponseCodec.java:138)
at org.openqa.selenium.remote.codec.w3c.W3CHttpResponseCodec.decode(W3CHttpResponseCodec.java:50)
at org.openqa.selenium.remote.HttpCommandExecutor.execute(HttpCommandExecutor.java:190)
at org.openqa.selenium.remote.service.DriverCommandExecutor.invokeExecute(DriverCommandExecutor.java:216)
at org.openqa.selenium.remote.service.DriverCommandExecutor.execute(DriverCommandExecutor.java:174)
at org.openqa.selenium.remote.RemoteWebDriver.execute(RemoteWebDriver.java:545)
at org.openqa.selenium.remote.ElementLocation$ElementFinder$2.findElement(ElementLocation.java:165)
at org.openqa.selenium.remote.ElementLocation.findElement(ElementLocation.java:59)
at org.openqa.selenium.remote.RemoteWebDriver.findElement(RemoteWebDriver.java:368)
at org.openqa.selenium.remote.RemoteWebDriver.findElement(RemoteWebDriver.java:362)
at org.openqa.selenium.support.pagefactory.DefaultElementLocator.findElement(DefaultElementLocator.java:68)
at org.openqa.selenium.support.pagefactory.internal.LocatingElementHandler.invoke(LocatingElementHandler.java:38)
at jdk.proxy2/jdk.proxy2.$Proxy15.isDisplayed(Unknown Source)
at pages.AccountPage.isUserLoggedIn(AccountPage.java:47)
at tests.LoginPageTest.verifyBrowserBackAfterLogin(LoginPageTest.java:159)
at java.base/java.util.ArrayList.forEach(ArrayList.java:1596)
... Removed 28 stack frames]]>
    </failure>
  </testcase> <!-- verifyBrowserBackAfterLogin -->
  <testcase classname="tests.LoginPageTest" name="verifyBrowserBackAfterLogingOut" time="4.45">
    <failure type="org.openqa.selenium.NoSuchElementException" message="no such element: Unable to locate element: {&amp;quot;method&amp;quot;:&amp;quot;xpath&amp;quot;,&amp;quot;selector&amp;quot;:&amp;quot;//a[text()=&amp;apos;Edit your account information&amp;apos;]&amp;quot;}
  (Session info: chrome=131.0.6778.265)
For documentation on this error, please visit: https://www.selenium.dev/documentation/webdriver/troubleshooting/errors#no-such-element-exception
Build info: version: &amp;apos;4.27.0&amp;apos;, revision: &amp;apos;d6e718d134&amp;apos;
System info: os.name: &amp;apos;Windows 11&amp;apos;, os.arch: &amp;apos;amd64&amp;apos;, os.version: &amp;apos;10.0&amp;apos;, java.version: &amp;apos;21.0.5&amp;apos;
Driver info: org.openqa.selenium.chrome.ChromeDriver
Command: [a43df888fa8f3355bac7465a51348d96, findElement {using=xpath, value=//a[text()=&amp;apos;Edit your account information&amp;apos;]}]
Capabilities {acceptInsecureCerts: false, browserName: chrome, browserVersion: 131.0.6778.265, chrome: {chromedriverVersion: 131.0.6778.264 (2d05e315153..., userDataDir: C:\Users\biraj\AppData\Loca...}, fedcm:accounts: true, goog:chromeOptions: {debuggerAddress: localhost:54758}, networkConnectionEnabled: false, pageLoadStrategy: normal, platformName: windows, proxy: Proxy(), se:cdp: ws://localhost:54758/devtoo..., se:cdpVersion: 131.0.6778.265, setWindowRect: true, strictFileInteractability: false, timeouts: {implicit: 0, pageLoad: 300000, script: 30000}, unhandledPromptBehavior: dismiss and notify, webauthn:extension:credBlob: true, webauthn:extension:largeBlob: true, webauthn:extension:minPinLength: true, webauthn:extension:prf: true, webauthn:virtualAuthenticators: true}
Session ID: a43df888fa8f3355bac7465a51348d96">
      <![CDATA[org.openqa.selenium.NoSuchElementException: no such element: Unable to locate element: {"method":"xpath","selector":"//a[text()='Edit your account information']"}
  (Session info: chrome=131.0.6778.265)
For documentation on this error, please visit: https://www.selenium.dev/documentation/webdriver/troubleshooting/errors#no-such-element-exception
Build info: version: '4.27.0', revision: 'd6e718d134'
System info: os.name: 'Windows 11', os.arch: 'amd64', os.version: '10.0', java.version: '21.0.5'
Driver info: org.openqa.selenium.chrome.ChromeDriver
Command: [a43df888fa8f3355bac7465a51348d96, findElement {using=xpath, value=//a[text()='Edit your account information']}]
Capabilities {acceptInsecureCerts: false, browserName: chrome, browserVersion: 131.0.6778.265, chrome: {chromedriverVersion: 131.0.6778.264 (2d05e315153..., userDataDir: C:\Users\biraj\AppData\Loca...}, fedcm:accounts: true, goog:chromeOptions: {debuggerAddress: localhost:54758}, networkConnectionEnabled: false, pageLoadStrategy: normal, platformName: windows, proxy: Proxy(), se:cdp: ws://localhost:54758/devtoo..., se:cdpVersion: 131.0.6778.265, setWindowRect: true, strictFileInteractability: false, timeouts: {implicit: 0, pageLoad: 300000, script: 30000}, unhandledPromptBehavior: dismiss and notify, webauthn:extension:credBlob: true, webauthn:extension:largeBlob: true, webauthn:extension:minPinLength: true, webauthn:extension:prf: true, webauthn:virtualAuthenticators: true}
Session ID: a43df888fa8f3355bac7465a51348d96
at org.openqa.selenium.remote.ErrorCodec.decode(ErrorCodec.java:167)
at org.openqa.selenium.remote.codec.w3c.W3CHttpResponseCodec.decode(W3CHttpResponseCodec.java:138)
at org.openqa.selenium.remote.codec.w3c.W3CHttpResponseCodec.decode(W3CHttpResponseCodec.java:50)
at org.openqa.selenium.remote.HttpCommandExecutor.execute(HttpCommandExecutor.java:190)
at org.openqa.selenium.remote.service.DriverCommandExecutor.invokeExecute(DriverCommandExecutor.java:216)
at org.openqa.selenium.remote.service.DriverCommandExecutor.execute(DriverCommandExecutor.java:174)
at org.openqa.selenium.remote.RemoteWebDriver.execute(RemoteWebDriver.java:545)
at org.openqa.selenium.remote.ElementLocation$ElementFinder$2.findElement(ElementLocation.java:165)
at org.openqa.selenium.remote.ElementLocation.findElement(ElementLocation.java:59)
at org.openqa.selenium.remote.RemoteWebDriver.findElement(RemoteWebDriver.java:368)
at org.openqa.selenium.remote.RemoteWebDriver.findElement(RemoteWebDriver.java:362)
at org.openqa.selenium.support.pagefactory.DefaultElementLocator.findElement(DefaultElementLocator.java:68)
at org.openqa.selenium.support.pagefactory.internal.LocatingElementHandler.invoke(LocatingElementHandler.java:38)
at jdk.proxy2/jdk.proxy2.$Proxy15.click(Unknown Source)
at pages.AccountPage.Edityouraccountinformation(AccountPage.java:43)
at tests.LoginPageTest.verifyBrowserBackAfterLogingOut(LoginPageTest.java:171)
at java.base/java.util.ArrayList.forEach(ArrayList.java:1596)
... Removed 28 stack frames]]>
    </failure>
  </testcase> <!-- verifyBrowserBackAfterLogingOut -->
  <testcase classname="tests.LoginPageTest" name="verifyLoginWithInactiveCredentials" time="1.167"/>
  <testcase classname="tests.LoginPageTest" name="verifyNumberOfUnsuccessfulLoginAttempt" time="2.745"/>
  <testcase classname="tests.LoginPageTest" name="verifyTextEnteredIntoPasswordFieldIsToggledToHideItsVisibility" time="0.036"/>
  <testcase classname="tests.LoginPageTest" name="verifyCopingOfTextEnteredIntoPasswordField" time="0.249"/>
  <testcase classname="tests.LoginPageTest" name="verifyPasswordIsStoredInHTMLCodeOfThePage" time="0.26">
    <failure type="java.lang.AssertionError" message="expected [false] but found [true]">
      <![CDATA[java.lang.AssertionError: expected [false] but found [true]
at tests.LoginPageTest.verifyPasswordIsStoredInHTMLCodeOfThePage(LoginPageTest.java:225)
at java.base/java.util.ArrayList.forEach(ArrayList.java:1596)
... Removed 29 stack frames]]>
    </failure>
  </testcase> <!-- verifyPasswordIsStoredInHTMLCodeOfThePage -->
  <testcase classname="tests.LoginPageTest" name="verifyLoggingIntoApplicationAfterChangingPassword" time="5.761"/>
  <testcase classname="tests.LoginPageTest" name="verifyNavigatingToDifferentPagesFromLoginPage" time="21.354"/>
  <testcase classname="tests.LoginPageTest" name="verifyDifferentWaysToNavigatingToLoginPage" time="2.219"/>
  <testcase classname="tests.LoginPageTest" name="verifyBreadCrumbPageHeadingTitleAndPageOfLoginPage" time="0.163"/>
  <testcase classname="tests.LoginPageTest" name="verifyUIOfLoginPage" time="0.336"/>
  <testcase classname="tests.LoginPageTest" name="verifyLoginFunctionalityInAllEnvironments" time="1.251"/>
  <testcase classname="tests.RegisterPageTest" name="verifyDataBaseTestingForRegisterAccount" time="0.0">
    <ignored/>
  </testcase> <!-- verifyDataBaseTestingForRegisterAccount -->
</testsuite> <!-- Test -->
